meet/build/outputs/logs/manifest-merger-debug-report.txt
-- Merging decision tree log ---
manifest
ADDED from src/main/AndroidManifest.xml:2:1-33:12
INJECTED from src/main/AndroidManifest.xml:2:1-33:12
INJECTED from src/main/AndroidManifest.xml:2:1-33:12
INJECTED from src/main/AndroidManifest.xml:2:1-33:12
INJECTED from src/main/AndroidManifest.xml:2:1-33:12
INJECTED from src/main/AndroidManifest.xml:2:1-33:12
INJECTED from src/main/AndroidManifest.xml:2:1-33:12
	package
		ADDED from src/main/AndroidManifest.xml:4:9-34
		INJECTED from src/main/AndroidManifest.xml
		INJECTED from src/main/AndroidManifest.xml
	android:versionName
		INJECTED from src/main/AndroidManifest.xml
		ADDED from src/main/AndroidManifest.xml:2:1-33:12
		INJECTED from src/main/AndroidManifest.xml
	xmlns:tools
		ADDED from src/main/AndroidManifest.xml:3:9-55
	android:versionCode
		INJECTED from src/main/AndroidManifest.xml
		ADDED from src/main/AndroidManifest.xml:2:1-33:12
		INJECTED from src/main/AndroidManifest.xml
	xmlns:android
		ADDED from src/main/AndroidManifest.xml:2:11-69
uses-permission#android.permission.RECORD_AUDIO
ADDED from src/main/AndroidManifest.xml:6:5-71
	android:name
		ADDED from src/main/AndroidManifest.xml:6:22-68
application
ADDED from src/main/AndroidManifest.xml:8:5-31:19
	android:supportsRtl
		ADDED from src/main/AndroidManifest.xml:10:9-35
	android:allowBackup
		ADDED from src/main/AndroidManifest.xml:9:9-35
	android:theme
		ADDED from src/main/AndroidManifest.xml:11:9-40
activity#com.qiscus.meet.QiscusCallActivity
ADDED from src/main/AndroidManifest.xml:12:9-16:39
	android:launchMode
		ADDED from src/main/AndroidManifest.xml:14:13-44
	android:supportsPictureInPicture
		ADDED from src/main/AndroidManifest.xml:15:13-52
	android:configChanges
		ADDED from src/main/AndroidManifest.xml:13:13-91
	tools:targetApi
		ADDED from src/main/AndroidManifest.xml:16:17-36
	android:name
		ADDED from src/main/AndroidManifest.xml:12:19-53
activity#com.qiscus.meet.QiscusMeetActivity
ADDED from src/main/AndroidManifest.xml:17:9-25:20
	android:launchMode
		ADDED from src/main/AndroidManifest.xml:20:17-48
	android:windowSoftInputMode
		ADDED from src/main/AndroidManifest.xml:23:17-59
	android:supportsPictureInPicture
		ADDED from src/main/AndroidManifest.xml:22:17-56
	android:resizeableActivity
		ADDED from src/main/AndroidManifest.xml:21:17-50
	android:configChanges
		ADDED from src/main/AndroidManifest.xml:19:17-119
	tools:targetApi
		ADDED from src/main/AndroidManifest.xml:24:17-36
	android:name
		ADDED from src/main/AndroidManifest.xml:18:17-51
service#com.qiscus.meet.CreateNotfication
ADDED from src/main/AndroidManifest.xml:27:9-30:39
	android:enabled
		ADDED from src/main/AndroidManifest.xml:29:13-35
	android:exported
		ADDED from src/main/AndroidManifest.xml:30:13-36
	android:name
		ADDED from src/main/AndroidManifest.xml:28:13-46
uses-sdk
INJECTED from src/main/AndroidManifest.xml reason: use-sdk injection requested
INJECTED from src/main/AndroidManifest.xml
INJECTED from src/main/AndroidManifest.xml
INJECTED from src/main/AndroidManifest.xml
INJECTED from src/main/AndroidManifest.xml
	android:targetSdkVersion
		INJECTED from src/main/AndroidManifest.xml
		ADDED from src/main/AndroidManifest.xml
		INJECTED from src/main/AndroidManifest.xml
	android:minSdkVersion
		INJECTED from src/main/AndroidManifest.xml
		ADDED from src/main/AndroidManifest.xml
		INJECTED from src/main/AndroidManifest.xml